2025-04-30 08:56:39,168 INFO  [TC1_youtube] url is matching after signin 
2025-04-30 08:56:41,296 INFO  [TC1_youtube] able to click on trending 
2025-04-30 08:56:44,354 INFO  [TC1_youtube] url is  matching after logout 
2025-04-30 08:56:44,399 INFO  [TC1_youtube] testcase1 is getting pass 
2025-04-30 08:59:08,015 INFO  [TC1_youtube] test case 1 is getting pass 
2025-04-30 09:01:40,357 INFO  [TC1_youtube] url is matching after signin 
2025-04-30 09:01:42,488 INFO  [TC1_youtube] able to click on trending 
2025-04-30 09:01:45,555 INFO  [TC1_youtube] url is  matching after logout 
2025-04-30 09:01:45,611 INFO  [TC1_youtube] testcase1 is getting pass 
2025-04-30 09:05:09,441 INFO  [TC1_youtube] test case 1 is getting pass 
2025-04-30 09:25:44,917 INFO  [TC1_youtube] test case 1 is get
2025-04-30 09:26:22,267 INFO  [TC1_youtube] test case 1 is getting pass 
2025-04-30 09:27:50,013 INFO  [TC1_youtube] test case 1 is getting pass 
2025-04-30 10:10:59,865 INFO  [TC2_youtube] url is match after signin 
2025-04-30 10:11:01,983 INFO  [TC2_youtube] able to click on history 
2025-04-30 10:11:04,972 INFO  [TC2_youtube] url is match after signout 
2025-04-30 10:11:04,978 INFO  [TC2_youtube] testcase2 is getting pass 
2025-04-30 10:21:53,411 INFO  [TC3_youtube] url is matching after sigin  
2025-04-30 10:21:53,908 INFO  [TC3_youtube] able to hit search button 
2025-04-30 10:22:01,461 INFO  [TC3_youtube] able to play vedio 
2025-04-30 10:22:04,582 INFO  [TC3_youtube] url is matching after signout 
2025-04-30 10:22:04,591 INFO  [TC3_youtube] testcase 3 is getting pass 
2025-04-30 10:26:07,267 INFO  [TC3_youtube] url is matching after sigin  
2025-04-30 10:26:07,752 INFO  [TC3_youtube] able to hit search button 
2025-04-30 10:26:15,372 INFO  [TC3_youtube] able to play vedio 
2025-04-30 10:26:19,017 INFO  [TC3_youtube] url is matching after signout 
2025-04-30 10:26:19,024 INFO  [TC3_youtube] testcase 3 is getting pass 
2025-04-30 10:47:03,981 INFO  [TC3_youtube] url is matching after sigin  
2025-04-30 10:47:04,464 INFO  [TC3_youtube] able to hit search button 
2025-04-30 10:47:11,940 INFO  [TC3_youtube] able to play vedio 
2025-04-30 10:47:15,068 INFO  [TC3_youtube] url is matching after signout 
2025-04-30 10:47:15,075 INFO  [TC3_youtube] testcase 3 is getting pass 
2025-04-30 10:56:22,057 INFO  [TC4_youtube] url is matching after signin 
2025-04-30 10:56:22,179 INFO  [TC4_youtube] able to click on subscription 
2025-04-30 10:56:25,359 INFO  [TC4_youtube] testcase4 is getting fail 
2025-04-30 11:00:36,262 INFO  [TC1_youtube] url is matching after signin 
2025-04-30 11:00:38,376 INFO  [TC1_youtube] able to click on trending 
2025-04-30 11:00:41,432 INFO  [TC1_youtube] url is  matching after logout 
2025-04-30 11:00:41,441 INFO  [TC1_youtube] testcase1 is getting fail 
2025-05-03 11:14:16,532 INFO  [TC1_youtube] url is matching after signin 
2025-05-03 11:14:18,671 INFO  [TC1_youtube] able to click on trending 
2025-05-03 11:14:22,899 INFO  [TC1_youtube] url is  matching after logout 
2025-05-03 11:14:22,905 INFO  [TC1_youtube] testcase1 is getting fail 
2025-05-03 11:14:49,528 INFO  [TC2_youtube] url is match after signin 
2025-05-03 11:14:51,646 INFO  [TC2_youtube] able to click on history 
2025-05-03 11:14:55,304 INFO  [TC2_youtube] url is match after signout 
2025-05-03 11:14:55,313 INFO  [TC2_youtube] testcase2 is getting fail 
2025-05-03 11:15:12,725 INFO  [TC3_youtube] url is matching after sigin  
2025-05-03 11:15:33,374 INFO  [TC4_youtube] url is matching after signin 
2025-05-03 11:28:05,026 INFO  [TC1_youtube] url is matching after signin 
2025-05-03 11:28:07,153 INFO  [TC1_youtube] able to click on trending 
2025-05-03 11:28:11,079 INFO  [TC1_youtube] url is  matching after logout 
2025-05-03 11:28:11,089 INFO  [TC1_youtube] testcase1 is getting fail 
2025-05-03 11:28:38,825 INFO  [TC2_youtube] url is match after signin 
2025-05-03 11:28:40,943 INFO  [TC2_youtube] able to click on history 
2025-05-03 11:28:44,513 INFO  [TC2_youtube] url is match after signout 
2025-05-03 11:28:44,521 INFO  [TC2_youtube] testcase2 is getting fail 
2025-05-03 11:29:03,969 INFO  [TC3_youtube] url is matching after sigin  
2025-05-03 11:29:04,180 INFO  [TC3_youtube] able to hit search button 
2025-05-03 11:29:11,784 INFO  [TC3_youtube] able to play vedio 
2025-05-03 11:29:15,399 INFO  [TC3_youtube] url is matching after signout 
2025-05-03 11:29:15,403 INFO  [TC3_youtube] testcase 3 is getting fail 
2025-05-03 11:29:38,805 INFO  [TC4_youtube] url is matching after signin 
2025-05-03 11:29:38,943 INFO  [TC4_youtube] able to click on subscription 
2025-05-03 11:29:42,273 INFO  [TC4_youtube] testcase4 is getting fail 
2025-05-03 12:25:17,420 INFO  [TC1_youtube] url is matching after signin 
2025-05-03 12:25:19,532 INFO  [TC1_youtube] able to click on trending 
2025-05-03 12:25:23,130 INFO  [TC1_youtube] url is  matching after logout 
2025-05-03 12:25:23,139 INFO  [TC1_youtube] testcase1 is getting fail 
2025-05-03 12:32:50,450 INFO  [TC1_youtube] url is matching after signin 
2025-05-03 12:32:52,710 INFO  [TC1_youtube] able to click on trending 
2025-05-03 12:32:56,771 INFO  [TC1_youtube] url is  matching after logout 
2025-05-03 12:32:56,787 INFO  [TC1_youtube] testcase1 is getting fail 
2025-05-03 12:39:17,596 INFO  [TC1_youtube] url is matching after signin 
2025-05-03 12:39:19,830 INFO  [TC1_youtube] able to click on trending 
2025-05-03 12:39:25,504 INFO  [TC1_youtube] url is  matching after logout 
2025-05-03 12:39:25,517 INFO  [TC1_youtube] testcase1 is getting fail 
2025-05-03 12:53:08,829 INFO  [TC1_youtube] url is matching after signin 
2025-05-03 12:53:10,966 INFO  [TC1_youtube] able to click on trending 
2025-05-03 12:53:15,341 INFO  [TC1_youtube] url is  matching after logout 
2025-05-03 12:53:15,355 INFO  [TC1_youtube] testcase1 is getting pass 
2025-05-03 13:08:47,883 INFO  [TC8_youtube] url is matching after sigin  
2025-05-03 13:08:50,102 INFO  [TC8_youtube] able to click on playlist 
2025-05-03 13:08:53,330 INFO  [TC8_youtube] url is matching after signout  
2025-05-03 13:08:53,347 INFO  [TC8_youtube] testcase 8 is getting pass 
2025-05-03 13:10:14,776 INFO  [TC6_youtube] url is matching after sigin  
2025-05-03 13:10:17,020 INFO  [TC6_youtube] able to hit search query  
2025-05-03 13:10:18,541 INFO  [TC6_youtube] able to play vedio and subscribe channel 
2025-05-03 13:11:14,330 INFO  [TC6_youtube] url is matching after sigin  
2025-05-03 13:11:16,803 INFO  [TC6_youtube] able to hit search query  
2025-05-03 13:11:18,386 INFO  [TC6_youtube] able to play vedio and subscribe channel 
2025-05-03 13:19:01,579 INFO  [TC6_youtube] url is matching after sigin  
2025-05-03 13:19:04,024 INFO  [TC6_youtube] able to hit search query  
2025-05-03 13:21:00,084 INFO  [TC6_youtube] url is matching after sigin  
2025-05-03 13:21:02,491 INFO  [TC6_youtube] able to hit search query  
2025-05-03 13:21:04,167 INFO  [TC6_youtube] able to play vedio and subscribe channel 
2025-05-03 13:21:09,908 INFO  [TC6_youtube] url is matching after signout  
2025-05-03 13:21:10,559 INFO  [TC6_youtube] testcase 6 is getting pass 
2025-05-03 13:22:08,497 INFO  [TC6_youtube] url is matching after sigin  
2025-05-03 13:22:10,995 INFO  [TC6_youtube] able to hit search query  
2025-05-03 13:22:12,796 INFO  [TC6_youtube] able to play vedio and subscribe channel 
2025-05-03 13:22:15,090 INFO  [TC6_youtube] url is matching after signout  
2025-05-03 13:22:15,112 INFO  [TC6_youtube] testcase 6 is getting fail 
2025-05-03 13:29:34,989 INFO  [TC6_youtube] url is matching after sigin  
2025-05-03 13:29:37,301 INFO  [TC6_youtube] able to hit search query  
2025-05-03 13:29:39,304 INFO  [TC6_youtube] able to play vedio and subscribe channel 
2025-05-03 13:29:41,933 INFO  [TC6_youtube] url is matching after signout  
2025-05-03 13:29:41,949 INFO  [TC6_youtube] testcase 6 is getting fail 
2025-05-03 13:33:23,003 INFO  [TC6_youtube] url is matching after sigin  
2025-05-03 13:33:25,265 INFO  [TC6_youtube] able to hit search query  
2025-05-03 13:33:27,404 INFO  [TC6_youtube] able to play vedio and subscribe channel 
2025-05-03 13:33:33,179 INFO  [TC6_youtube] url is matching after signout  
2025-05-03 13:33:33,195 INFO  [TC6_youtube] testcase 6 is getting pass 
2025-05-03 13:34:20,533 INFO  [TC6_youtube] url is matching after sigin  
2025-05-03 13:34:23,016 INFO  [TC6_youtube] able to hit search query  
2025-05-03 13:34:24,530 INFO  [TC6_youtube] able to play vedio and subscribe channel 
2025-05-03 13:36:41,809 INFO  [TC6_youtube] url is matching after sigin  
2025-05-03 13:36:44,162 INFO  [TC6_youtube] able to hit search query  
2025-05-03 13:36:46,270 INFO  [TC6_youtube] able to play vedio and subscribe channel 
2025-05-03 13:37:46,622 INFO  [TC6_youtube] url is matching after sigin  
2025-05-03 13:37:48,897 INFO  [TC6_youtube] able to hit search query  
2025-05-03 13:37:50,477 INFO  [TC6_youtube] able to play vedio and subscribe channel 
2025-05-03 13:38:33,160 INFO  [TC6_youtube] url is matching after sigin  
2025-05-03 13:38:35,394 INFO  [TC6_youtube] able to hit search query  
2025-05-03 13:40:23,688 INFO  [TC6_youtube] url is matching after sigin  
2025-05-03 13:40:26,069 INFO  [TC6_youtube] able to hit search query  
2025-05-03 13:40:29,684 INFO  [TC6_youtube] able to play vedio and subscribe channel 
2025-05-03 13:42:31,176 INFO  [TC6_youtube] url is matching after sigin  
2025-05-03 13:42:33,656 INFO  [TC6_youtube] able to hit search query  
2025-05-03 13:42:37,144 INFO  [TC6_youtube] able to play vedio and subscribe channel 
2025-05-03 13:43:57,653 INFO  [TC6_youtube] url is matching after sigin  
2025-05-03 13:44:00,290 INFO  [TC6_youtube] able to hit search query  
2025-05-03 13:44:03,876 INFO  [TC6_youtube] able to play vedio and subscribe channel 
2025-05-03 13:44:13,864 INFO  [TC6_youtube] url is matching after signout  
2025-05-03 13:44:13,882 INFO  [TC6_youtube] testcase 6 is getting pass 
2025-05-03 13:45:17,650 INFO  [TC6_youtube] url is matching after sigin  
2025-05-03 13:45:20,090 INFO  [TC6_youtube] able to hit search query  
2025-05-03 13:45:23,771 INFO  [TC6_youtube] able to play vedio and subscribe channel 
2025-05-03 13:45:33,681 INFO  [TC6_youtube] url is matching after signout  
2025-05-03 13:45:33,723 INFO  [TC6_youtube] testcase 6 is getting pass 
2025-05-03 13:46:30,966 INFO  [TC1_youtube] url is matching after signin 
2025-05-03 13:46:33,090 INFO  [TC1_youtube] able to click on trending 
2025-05-03 13:46:36,864 INFO  [TC1_youtube] url is  matching after logout 
2025-05-03 13:46:36,878 INFO  [TC1_youtube] testcase1 is getting pass 
2025-05-03 13:46:58,140 INFO  [TC2_youtube] url is match after signin 
2025-05-03 13:47:00,336 INFO  [TC2_youtube] able to click on history 
2025-05-03 13:47:03,650 INFO  [TC2_youtube] url is match after signout 
2025-05-03 13:47:03,690 INFO  [TC2_youtube] testcase2 is getting pass 
2025-05-03 13:47:24,671 INFO  [TC3_youtube] url is matching after sigin  
2025-05-03 13:47:25,413 INFO  [TC3_youtube] able to hit search button 
2025-05-03 13:47:33,484 INFO  [TC3_youtube] able to play vedio 
2025-05-03 13:47:37,070 INFO  [TC3_youtube] url is matching after signout 
2025-05-03 13:47:37,084 INFO  [TC3_youtube] testcase 3 is getting pass 
2025-05-03 13:47:56,249 INFO  [TC4_youtube] url is matching after signin 
2025-05-03 13:47:56,561 INFO  [TC4_youtube] able to click on subscription 
2025-05-03 13:47:59,855 INFO  [TC2_youtube] url is match after signout 
2025-05-03 13:47:59,867 INFO  [TC4_youtube] testcase4 is getting pass 
2025-05-03 13:48:18,409 INFO  [TC6_youtube] url is matching after sigin  
2025-05-03 13:48:20,905 INFO  [TC6_youtube] able to hit search query  
2025-05-03 13:48:24,226 INFO  [TC6_youtube] able to play vedio and subscribe channel 
2025-05-03 13:48:33,962 INFO  [TC6_youtube] url is matching after signout  
2025-05-03 13:48:33,991 INFO  [TC6_youtube] testcase 6 is getting pass 
2025-05-03 13:48:54,281 INFO  [TC5_youtube] url is matching after sigin  
2025-05-03 13:48:56,718 INFO  [TC5_youtube] able to hit search  query 
2025-05-03 13:49:00,176 INFO  [TC5_youtube] able to play vedio and send comment  
2025-05-03 13:49:30,029 INFO  [TC7_youtube] url is matching after sigin  
2025-05-03 13:49:32,162 INFO  [TC7_youtube] able to click on watchlist  
2025-05-03 13:49:35,387 INFO  [TC7_youtube] url is matching after signout  
2025-05-03 13:49:35,433 INFO  [TC7_youtube] testcase 7 is getting pass 
2025-05-03 13:49:55,835 INFO  [TC8_youtube] url is matching after sigin  
2025-05-03 13:49:57,969 INFO  [TC8_youtube] able to click on playlist 
2025-05-03 13:50:00,979 INFO  [TC8_youtube] url is matching after signout  
2025-05-03 13:50:00,991 INFO  [TC8_youtube] testcase 8 is getting pass 
2025-05-03 13:51:13,162 INFO  [TC5_youtube] url is matching after sigin  
2025-05-03 13:51:15,432 INFO  [TC5_youtube] able to hit search  query 
2025-05-03 13:51:19,242 INFO  [TC5_youtube] able to play vedio and send comment  
2025-05-03 13:51:31,361 INFO  [TC5_youtube] url is matching after signout 
2025-05-03 13:51:31,416 INFO  [TC5_youtube] testcase 5 is getting pass 
2025-05-03 13:58:36,039 INFO  [TC5_youtube] url is matching after sigin  
2025-05-03 13:58:38,351 INFO  [TC5_youtube] able to hit search  query 
2025-05-03 13:58:42,052 INFO  [TC5_youtube] able to play vedio and send comment  
2025-05-03 14:04:45,034 INFO  [TC6_youtube] url is matching after sigin  
2025-05-03 14:04:47,362 INFO  [TC6_youtube] able to hit search query  
2025-05-03 14:04:50,968 INFO  [TC6_youtube] able to play vedio and subscribe channel 
2025-05-03 14:05:00,775 INFO  [TC6_youtube] url is matching after signout  
2025-05-03 14:05:00,827 INFO  [TC6_youtube] testcase 6 is getting pass 
2025-05-03 14:05:47,142 INFO  [TC5_youtube] url is matching after sigin  
2025-05-03 14:05:49,394 INFO  [TC5_youtube] able to hit search  query 
2025-05-03 14:05:53,486 INFO  [TC5_youtube] able to play vedio and send comment  
2025-05-03 14:10:23,121 INFO  [TC5_youtube] url is matching after sigin  
2025-05-03 14:10:25,493 INFO  [TC5_youtube] able to hit search  query 
2025-05-03 14:10:29,311 INFO  [TC5_youtube] able to play vedio and send comment  
2025-05-03 14:13:32,712 INFO  [TC5_youtube] url is matching after sigin  
2025-05-03 14:13:34,985 INFO  [TC5_youtube] able to hit search  query 
2025-05-03 14:13:38,578 INFO  [TC5_youtube] able to play vedio and send comment  
2025-05-03 14:13:59,504 INFO  [TC5_youtube] url is matching after signout 
2025-05-03 14:14:00,088 INFO  [TC5_youtube] testcase 5 is getting pass 
2025-05-03 14:15:02,811 INFO  [TC5_youtube] url is matching after sigin  
2025-05-03 14:15:05,098 INFO  [TC5_youtube] able to hit search  query 
2025-05-03 14:15:08,959 INFO  [TC5_youtube] able to play vedio and send comment  
2025-05-03 14:19:42,800 INFO  [TC5_youtube] url is matching after sigin  
2025-05-03 14:19:45,115 INFO  [TC5_youtube] able to hit search  query 
2025-05-03 14:19:49,048 INFO  [TC5_youtube] able to play vedio and send comment  
2025-05-03 14:22:17,737 INFO  [TC5_youtube] url is matching after sigin  
2025-05-03 14:22:20,046 INFO  [TC5_youtube] able to hit search  query 
2025-05-03 14:22:24,723 INFO  [TC5_youtube] able to play vedio and send comment  
2025-05-03 14:24:11,024 INFO  [TC5_youtube] url is matching after sigin  
2025-05-03 14:24:13,326 INFO  [TC5_youtube] able to hit search  query 
2025-05-03 14:24:15,300 INFO  [TC5_youtube] able to play vedio and send comment  
2025-05-03 14:27:31,676 INFO  [TC5_youtube] url is matching after sigin  
2025-05-03 14:27:33,984 INFO  [TC5_youtube] able to hit search  query 
2025-05-03 14:28:43,518 INFO  [TC5_youtube] url is matching after sigin  
2025-05-03 14:28:45,825 INFO  [TC5_youtube] able to hit search  query 
2025-05-03 14:28:50,240 INFO  [TC5_youtube] able to play vedio and send comment  
2025-05-03 14:35:11,276 INFO  [TC5_youtube] url is matching after sigin  
2025-05-03 14:35:13,715 INFO  [TC5_youtube] able to hit search  query 
2025-05-03 14:35:18,479 INFO  [TC5_youtube] able to play vedio and send comment  
2025-05-04 08:37:30,004 INFO  [TC5_youtube] url is matching after sigin  
2025-05-04 08:37:32,633 INFO  [TC5_youtube] able to hit search  query 
2025-05-04 08:37:36,134 INFO  [TC5_youtube] able to play vedio and send comment  
2025-05-04 08:39:42,394 INFO  [TC5_youtube] url is matching after sigin  
2025-05-04 08:39:44,940 INFO  [TC5_youtube] able to hit search  query 
2025-05-04 08:39:48,480 INFO  [TC5_youtube] able to play vedio and send comment  
2025-05-04 08:50:11,474 INFO  [TC5_youtube] url is matching after sigin  
2025-05-04 08:50:13,903 INFO  [TC5_youtube] able to hit search  query 
2025-05-04 08:50:17,453 INFO  [TC5_youtube] able to play vedio and send comment  
2025-05-04 08:51:19,847 INFO  [TC5_youtube] url is matching after sigin  
2025-05-04 08:51:22,262 INFO  [TC5_youtube] able to hit search  query 
2025-05-04 08:51:25,770 INFO  [TC5_youtube] able to play vedio and send comment  
2025-05-04 08:52:24,313 INFO  [TC5_youtube] url is matching after sigin  
2025-05-04 08:52:26,711 INFO  [TC5_youtube] able to hit search  query 
2025-05-04 08:52:30,111 INFO  [TC5_youtube] able to play vedio and send comment  
2025-05-04 08:54:36,525 INFO  [TC5_youtube] url is matching after sigin  
2025-05-04 08:54:38,761 INFO  [TC5_youtube] able to hit search  query 
2025-05-04 08:54:43,245 INFO  [TC5_youtube] able to play vedio and send comment  
2025-05-04 08:57:00,579 INFO  [TC5_youtube] url is matching after sigin  
2025-05-04 08:57:02,977 INFO  [TC5_youtube] able to hit search  query 
2025-05-04 08:57:06,484 INFO  [TC5_youtube] able to play vedio and send comment  
2025-05-04 08:57:18,087 INFO  [TC5_youtube] url is matching after signout 
2025-05-04 08:57:18,131 INFO  [TC5_youtube] testcase 5 is getting pass 
2025-05-04 09:12:52,032 INFO  [TC1_youtube] url is matching after signin 
2025-05-04 09:12:54,193 INFO  [TC1_youtube] able to click on trending 
2025-05-04 09:12:57,727 INFO  [TC1_youtube] url is  matching after logout 
2025-05-04 09:12:58,287 INFO  [TC1_youtube] testcase1 is getting pass 
2025-05-04 09:13:16,967 INFO  [TC2_youtube] url is match after signin 
2025-05-04 09:13:19,157 INFO  [TC2_youtube] able to click on history 
2025-05-04 09:13:22,446 INFO  [TC2_youtube] url is match after signout 
2025-05-04 09:13:23,002 INFO  [TC2_youtube] testcase2 is getting pass 
2025-05-04 09:13:42,177 INFO  [TC3_youtube] url is matching after sigin  
2025-05-04 09:13:42,503 INFO  [TC3_youtube] able to hit search button 
2025-05-04 09:13:50,434 INFO  [TC3_youtube] able to play vedio 
2025-05-04 09:13:53,633 INFO  [TC3_youtube] url is matching after signout 
2025-05-04 09:13:54,217 INFO  [TC3_youtube] testcase 3 is getting pass 
2025-05-04 09:14:11,894 INFO  [TC4_youtube] url is matching after signin 
2025-05-04 09:14:12,200 INFO  [TC4_youtube] able to click on subscription 
2025-05-04 09:14:15,386 INFO  [TC2_youtube] url is match after signout 
2025-05-04 09:14:15,959 INFO  [TC4_youtube] testcase4 is getting pass 
2025-05-04 09:14:35,119 INFO  [TC6_youtube] url is matching after sigin  
2025-05-04 09:14:37,522 INFO  [TC6_youtube] able to hit search query  
2025-05-04 09:15:07,004 INFO  [TC5_youtube] url is matching after sigin  
2025-05-04 09:15:09,286 INFO  [TC5_youtube] able to hit search  query 
2025-05-04 09:15:12,996 INFO  [TC5_youtube] able to play vedio and send comment  
2025-05-04 09:15:25,314 INFO  [TC5_youtube] url is matching after signout 
2025-05-04 09:15:25,866 INFO  [TC5_youtube] testcase 5 is getting pass 
2025-05-04 09:15:47,181 INFO  [TC7_youtube] url is matching after sigin  
2025-05-04 09:15:49,386 INFO  [TC7_youtube] able to click on watchlist  
2025-05-04 09:15:52,842 INFO  [TC7_youtube] url is matching after signout  
2025-05-04 09:15:52,862 INFO  [TC7_youtube] testcase 7 is getting pass 
2025-05-04 09:16:19,652 INFO  [TC8_youtube] url is matching after sigin  
2025-05-04 09:16:22,035 INFO  [TC8_youtube] able to click on playlist 
2025-05-04 09:16:25,135 INFO  [TC8_youtube] url is matching after signout  
2025-05-04 09:16:26,274 INFO  [TC8_youtube] testcase 8 is getting pass 
2025-05-04 09:18:35,524 INFO  [TC6_youtube] url is matching after sigin  
2025-05-04 09:18:38,101 INFO  [TC6_youtube] able to hit search query  
2025-05-04 09:18:41,496 INFO  [TC6_youtube] able to play vedio and subscribe channel 
2025-05-04 09:18:51,008 INFO  [TC6_youtube] url is matching after signout  
2025-05-04 09:18:51,026 INFO  [TC6_youtube] testcase 6 is getting pass 
2025-05-04 09:19:31,083 INFO  [TC1_youtube] url is matching after signin 
2025-05-04 09:19:33,223 INFO  [TC1_youtube] able to click on trending 
2025-05-04 09:19:36,381 INFO  [TC1_youtube] url is  matching after logout 
2025-05-04 09:19:36,441 INFO  [TC1_youtube] testcase1 is getting pass 
2025-05-04 09:19:57,667 INFO  [TC2_youtube] url is match after signin 
2025-05-04 09:19:59,798 INFO  [TC2_youtube] able to click on history 
2025-05-04 09:20:03,247 INFO  [TC2_youtube] url is match after signout 
2025-05-04 09:20:03,263 INFO  [TC2_youtube] testcase2 is getting pass 
2025-05-04 09:20:20,696 INFO  [TC3_youtube] url is matching after sigin  
2025-05-04 09:20:20,982 INFO  [TC3_youtube] able to hit search button 
2025-05-04 09:20:28,802 INFO  [TC3_youtube] able to play vedio 
2025-05-04 09:20:31,984 INFO  [TC3_youtube] url is matching after signout 
2025-05-04 09:20:32,026 INFO  [TC3_youtube] testcase 3 is getting pass 
2025-05-04 09:20:52,673 INFO  [TC4_youtube] url is matching after signin 
2025-05-04 09:20:52,808 INFO  [TC4_youtube] able to click on subscription 
2025-05-04 09:20:56,229 INFO  [TC2_youtube] url is match after signout 
2025-05-04 09:20:56,257 INFO  [TC4_youtube] testcase4 is getting pass 
2025-05-04 09:21:15,836 INFO  [TC6_youtube] url is matching after sigin  
2025-05-04 09:21:18,343 INFO  [TC6_youtube] able to hit search query  
2025-05-04 09:21:21,877 INFO  [TC6_youtube] able to play vedio and subscribe channel 
2025-05-04 09:21:31,536 INFO  [TC6_youtube] url is matching after signout  
2025-05-04 09:21:32,150 INFO  [TC6_youtube] testcase 6 is getting pass 
2025-05-04 09:21:51,846 INFO  [TC5_youtube] url is matching after sigin  
2025-05-04 09:21:54,404 INFO  [TC5_youtube] able to hit search  query 
2025-05-04 09:21:57,848 INFO  [TC5_youtube] able to play vedio and send comment  
2025-05-04 09:22:18,471 INFO  [TC5_youtube] url is matching after signout 
2025-05-04 09:22:18,509 INFO  [TC5_youtube] testcase 5 is getting pass 
2025-05-04 09:22:35,625 INFO  [TC7_youtube] url is matching after sigin  
2025-05-04 09:22:37,999 INFO  [TC7_youtube] able to click on watchlist  
2025-05-04 09:22:41,021 INFO  [TC7_youtube] url is matching after signout  
2025-05-04 09:22:41,056 INFO  [TC7_youtube] testcase 7 is getting pass 
2025-05-04 09:23:06,045 INFO  [TC8_youtube] url is matching after sigin  
2025-05-04 09:23:08,165 INFO  [TC8_youtube] able to click on playlist 
2025-05-04 09:23:11,199 INFO  [TC8_youtube] url is matching after signout  
2025-05-04 09:23:11,221 INFO  [TC8_youtube] testcase 8 is getting pass 
2025-05-04 09:56:29,105 INFO  [TC1_youtube] url is matching after signin 
2025-05-04 09:56:31,255 INFO  [TC1_youtube] able to click on trending 
2025-05-04 09:56:35,748 INFO  [TC1_youtube] url is  matching after logout 
2025-05-04 09:56:35,781 INFO  [TC1_youtube] testcase1 is getting pass 
2025-05-04 09:57:21,188 INFO  [TC2_youtube] url is match after signin 
2025-05-04 09:57:57,910 INFO  [TC2_youtube] able to click on history 
2025-05-04 09:58:14,264 INFO  [TC2_youtube] url is match after signout 
2025-05-04 09:58:14,283 INFO  [TC2_youtube] testcase2 is getting pass 
2025-05-04 09:58:44,022 INFO  [TC3_youtube] url is matching after sigin  
2025-05-04 09:58:44,247 INFO  [TC3_youtube] able to hit search button 
2025-05-04 09:58:53,831 INFO  [TC3_youtube] able to play vedio 
2025-05-04 09:59:20,445 INFO  [TC3_youtube] url is matching after signout 
2025-05-04 09:59:20,462 INFO  [TC3_youtube] testcase 3 is getting pass 
2025-05-04 10:04:29,603 INFO  [TC1_youtube] url is matching after signin 
2025-05-04 10:04:31,745 INFO  [TC1_youtube] able to click on trending 
2025-05-04 10:04:36,551 INFO  [TC1_youtube] url is  matching after logout 
2025-05-04 10:04:36,566 INFO  [TC1_youtube] testcase1 is getting pass 
2025-05-04 10:05:13,876 INFO  [TC2_youtube] url is match after signin 
2025-05-04 10:05:16,032 INFO  [TC2_youtube] able to click on history 
2025-05-04 10:05:20,579 INFO  [TC2_youtube] url is match after signout 
2025-05-04 10:05:20,593 INFO  [TC2_youtube] testcase2 is getting pass 
2025-05-04 10:05:56,791 INFO  [TC3_youtube] url is matching after sigin  
2025-05-04 10:05:57,138 INFO  [TC3_youtube] able to hit search button 
2025-05-04 10:06:25,698 INFO  [TC4_youtube] url is matching after signin 
2025-05-04 10:06:25,827 INFO  [TC4_youtube] able to click on subscription 
2025-05-04 10:06:29,157 INFO  [TC2_youtube] url is match after signout 
2025-05-04 10:06:29,177 INFO  [TC4_youtube] testcase4 is getting pass 
2025-05-04 10:06:53,095 INFO  [TC6_youtube] url is matching after sigin  
2025-05-04 10:06:55,347 INFO  [TC6_youtube] able to hit search query  
2025-05-04 10:06:58,762 INFO  [TC6_youtube] able to play vedio and subscribe channel 
2025-05-04 10:07:09,380 INFO  [TC6_youtube] url is matching after signout  
2025-05-04 10:07:09,392 INFO  [TC6_youtube] testcase 6 is getting pass 
2025-05-04 10:07:35,004 INFO  [TC5_youtube] url is matching after sigin  
2025-05-04 10:07:37,314 INFO  [TC5_youtube] able to hit search  query 
2025-05-04 10:07:40,847 INFO  [TC5_youtube] able to play vedio and send comment  
2025-05-04 10:07:53,129 INFO  [TC5_youtube] url is matching after signout 
2025-05-04 10:07:53,140 INFO  [TC5_youtube] testcase 5 is getting pass 
2025-05-04 10:08:14,011 INFO  [TC7_youtube] url is matching after sigin  
2025-05-04 10:08:16,311 INFO  [TC7_youtube] able to click on watchlist  
2025-05-04 10:08:20,245 INFO  [TC7_youtube] url is matching after signout  
2025-05-04 10:08:20,259 INFO  [TC7_youtube] testcase 7 is getting pass 
2025-05-04 10:08:46,292 INFO  [TC8_youtube] url is matching after sigin  
2025-05-04 10:08:48,418 INFO  [TC8_youtube] able to click on playlist 
2025-05-04 10:08:51,829 INFO  [TC8_youtube] url is matching after signout  
2025-05-04 10:08:51,840 INFO  [TC8_youtube] testcase 8 is getting pass 
2025-05-04 10:10:31,953 INFO  [TC3_youtube] url is matching after sigin  
2025-05-04 10:10:32,441 INFO  [TC3_youtube] able to hit search button 
2025-05-04 10:10:40,443 INFO  [TC3_youtube] able to play vedio 
2025-05-04 10:10:45,084 INFO  [TC3_youtube] url is matching after signout 
2025-05-04 10:10:45,100 INFO  [TC3_youtube] testcase 3 is getting pass 
2025-05-04 10:15:27,987 INFO  [TC1_youtube] url is matching after signin 
2025-05-04 10:15:30,124 INFO  [TC1_youtube] able to click on trending 
2025-05-04 10:15:34,230 INFO  [TC1_youtube] url is  matching after logout 
2025-05-04 10:15:34,247 INFO  [TC1_youtube] testcase1 is getting pass 
2025-05-04 10:15:57,666 INFO  [TC2_youtube] url is match after signin 
2025-05-04 10:15:59,802 INFO  [TC2_youtube] able to click on history 
2025-05-04 10:16:03,280 INFO  [TC2_youtube] url is match after signout 
2025-05-04 10:16:03,297 INFO  [TC2_youtube] testcase2 is getting pass 
2025-05-04 10:16:35,837 INFO  [TC3_youtube] url is matching after sigin  
2025-05-04 10:16:58,713 INFO  [TC4_youtube] url is matching after signin 
2025-05-04 10:16:58,881 INFO  [TC4_youtube] able to click on subscription 
2025-05-04 10:17:02,610 INFO  [TC2_youtube] url is match after signout 
2025-05-04 10:17:03,167 INFO  [TC4_youtube] testcase4 is getting pass 
2025-05-04 10:17:22,372 INFO  [TC6_youtube] url is matching after sigin  
2025-05-04 10:17:24,796 INFO  [TC6_youtube] able to hit search query  
2025-05-04 10:17:28,527 INFO  [TC6_youtube] able to play vedio and subscribe channel 
2025-05-04 10:17:38,555 INFO  [TC6_youtube] url is matching after signout  
2025-05-04 10:17:38,608 INFO  [TC6_youtube] testcase 6 is getting pass 
2025-05-04 10:17:58,469 INFO  [TC5_youtube] url is matching after sigin  
2025-05-04 10:18:00,736 INFO  [TC5_youtube] able to hit search  query 
2025-05-04 10:18:04,218 INFO  [TC5_youtube] able to play vedio and send comment  
2025-05-04 10:18:16,654 INFO  [TC5_youtube] url is matching after signout 
2025-05-04 10:18:17,194 INFO  [TC5_youtube] testcase 5 is getting pass 
2025-05-04 10:18:43,436 INFO  [TC7_youtube] url is matching after sigin  
2025-05-04 10:18:45,561 INFO  [TC7_youtube] able to click on watchlist  
2025-05-04 10:18:49,926 INFO  [TC7_youtube] url is matching after signout  
2025-05-04 10:18:50,498 INFO  [TC7_youtube] testcase 7 is getting pass 
2025-05-04 10:19:07,403 INFO  [TC8_youtube] url is matching after sigin  
2025-05-04 10:24:02,821 INFO  [TC1_youtube] url is matching after signin 
2025-05-04 10:24:04,949 INFO  [TC1_youtube] able to click on trending 
2025-05-04 10:24:09,717 INFO  [TC1_youtube] url is  matching after logout 
2025-05-04 10:24:09,733 INFO  [TC1_youtube] testcase1 is getting pass 
2025-05-04 10:24:32,787 INFO  [TC2_youtube] url is match after signin 
2025-05-04 10:24:34,953 INFO  [TC2_youtube] able to click on history 
2025-05-04 10:24:38,535 INFO  [TC2_youtube] url is match after signout 
2025-05-04 10:24:38,565 INFO  [TC2_youtube] testcase2 is getting pass 
2025-05-04 10:25:03,820 INFO  [TC3_youtube] url is matching after sigin  
2025-05-04 10:25:04,112 INFO  [TC3_youtube] able to hit search button 
2025-05-04 10:25:12,120 INFO  [TC3_youtube] able to play vedio 
2025-05-04 10:25:16,012 INFO  [TC3_youtube] url is matching after signout 
2025-05-04 10:25:16,591 INFO  [TC3_youtube] testcase 3 is getting pass 
2025-05-04 10:25:37,155 INFO  [TC4_youtube] url is matching after signin 
2025-05-04 10:26:00,440 INFO  [TC6_youtube] url is matching after sigin  
2025-05-04 10:26:02,672 INFO  [TC6_youtube] able to hit search query  
2025-05-04 10:26:38,034 INFO  [TC5_youtube] url is matching after sigin  
2025-05-04 10:26:40,269 INFO  [TC5_youtube] able to hit search  query 
2025-05-04 10:26:44,531 INFO  [TC5_youtube] able to play vedio and send comment  
2025-05-04 10:26:59,262 INFO  [TC5_youtube] url is matching after signout 
2025-05-04 10:26:59,834 INFO  [TC5_youtube] testcase 5 is getting pass 
2025-05-04 10:27:37,441 INFO  [TC7_youtube] url is matching after sigin  
2025-05-04 10:28:03,915 INFO  [TC8_youtube] url is matching after sigin  
2025-05-04 10:29:31,577 INFO  [TC8_youtube] url is matching after sigin  
2025-05-04 10:29:33,710 INFO  [TC8_youtube] able to click on playlist 
2025-05-04 10:29:40,065 INFO  [TC8_youtube] url is matching after signout  
2025-05-04 10:29:40,081 INFO  [TC8_youtube] testcase 8 is getting pass 
2025-05-04 10:32:59,749 INFO  [TC1_youtube] url is matching after signin 
2025-05-04 10:33:37,206 INFO  [TC1_youtube] able to click on trending 
2025-05-04 10:33:42,625 INFO  [TC1_youtube] url is  matching after logout 
2025-05-04 10:33:42,643 INFO  [TC1_youtube] testcase1 is getting pass 
2025-05-04 10:34:49,906 INFO  [TC2_youtube] url is match after signin 
2025-05-04 10:35:52,719 INFO  [TC3_youtube] url is matching after sigin  
2025-05-04 10:36:29,460 INFO  [TC4_youtube] url is matching after signin 
2025-05-04 10:36:29,584 INFO  [TC4_youtube] able to click on subscription 
2025-05-04 10:36:33,729 INFO  [TC2_youtube] url is match after signout 
2025-05-04 10:36:33,743 INFO  [TC4_youtube] testcase4 is getting pass 
2025-05-04 10:36:58,182 INFO  [TC6_youtube] url is matching after sigin  
2025-05-04 10:37:00,440 INFO  [TC6_youtube] able to hit search query  
2025-05-04 10:37:04,292 INFO  [TC6_youtube] able to play vedio and subscribe channel 
2025-05-04 10:38:00,164 INFO  [TC5_youtube] url is matching after sigin  
2025-05-04 10:38:19,644 INFO  [TC5_youtube] able to hit search  query 
2025-05-04 10:38:23,513 INFO  [TC5_youtube] able to play vedio and send comment  
2025-05-04 10:39:39,785 INFO  [TC5_youtube] url is matching after signout 
2025-05-04 10:39:39,801 INFO  [TC5_youtube] testcase 5 is getting pass 
2025-05-04 10:53:43,802 INFO  [TC1_youtube] url is matching after signin 
2025-05-04 10:53:45,929 INFO  [TC1_youtube] able to click on trending 
2025-05-04 10:53:49,495 INFO  [TC1_youtube] url is  matching after logout 
2025-05-04 10:53:50,121 INFO  [TC1_youtube] testcase1 is getting pass 
2025-05-04 10:54:11,737 INFO  [TC2_youtube] url is match after signin 
2025-05-04 10:54:13,858 INFO  [TC2_youtube] able to click on history 
2025-05-04 10:54:17,784 INFO  [TC2_youtube] url is match after signout 
2025-05-04 10:54:17,799 INFO  [TC2_youtube] testcase2 is getting pass 
2025-05-04 10:55:10,986 INFO  [TC3_youtube] url is matching after sigin  
2025-05-04 10:55:45,097 INFO  [TC4_youtube] url is matching after signin 
2025-05-04 10:55:45,222 INFO  [TC4_youtube] able to click on subscription 
2025-05-04 10:55:49,761 INFO  [TC2_youtube] url is match after signout 
2025-05-04 10:55:50,156 INFO  [TC4_youtube] testcase4 is getting fail 
2025-05-04 10:56:58,319 INFO  [TC6_youtube] url is matching after sigin  
2025-05-04 10:57:07,764 INFO  [TC6_youtube] able to hit search query  
2025-05-04 10:57:12,504 INFO  [TC6_youtube] able to play vedio and subscribe channel 
2025-05-04 10:57:48,479 INFO  [TC5_youtube] url is matching after sigin  
2025-05-04 10:57:50,961 INFO  [TC5_youtube] able to hit search  query 
2025-05-04 10:57:56,285 INFO  [TC5_youtube] able to play vedio and send comment  
2025-05-04 10:58:13,288 INFO  [TC5_youtube] url is matching after signout 
2025-05-04 10:58:13,299 INFO  [TC5_youtube] testcase 5 is getting pass 
2025-05-04 10:58:43,213 INFO  [TC7_youtube] url is matching after sigin  
2025-05-04 10:58:45,617 INFO  [TC7_youtube] able to click on watchlist  
2025-05-04 10:58:49,019 INFO  [TC7_youtube] url is matching after signout  
2025-05-04 10:58:49,027 INFO  [TC7_youtube] testcase 7 is getting pass 
2025-05-04 10:59:08,428 INFO  [TC8_youtube] url is matching after sigin  
2025-05-04 10:59:10,571 INFO  [TC8_youtube] able to click on playlist 
2025-05-04 10:59:13,891 INFO  [TC8_youtube] url is matching after signout  
2025-05-04 10:59:13,900 INFO  [TC8_youtube] testcase 8 is getting pass 
2025-05-04 11:02:48,755 INFO  [TC1_youtube] url is matching after signin 
2025-05-04 11:02:50,878 INFO  [TC1_youtube] able to click on trending 
2025-05-04 11:02:54,512 INFO  [TC1_youtube] url is  matching after logout 
2025-05-04 11:02:55,099 INFO  [TC1_youtube] testcase1 is getting pass 
2025-05-04 11:03:30,365 INFO  [TC2_youtube] url is match after signin 
2025-05-04 11:03:32,497 INFO  [TC2_youtube] able to click on history 
2025-05-04 11:03:36,369 INFO  [TC2_youtube] url is match after signout 
2025-05-04 11:03:36,385 INFO  [TC2_youtube] testcase2 is getting pass 
2025-05-04 11:04:09,335 INFO  [TC3_youtube] url is matching after sigin  
2025-05-04 11:04:09,596 INFO  [TC3_youtube] able to hit search button 
2025-05-04 11:04:18,003 INFO  [TC3_youtube] able to play vedio 
2025-05-04 11:04:21,171 INFO  [TC3_youtube] url is matching after signout 
2025-05-04 11:04:21,194 INFO  [TC3_youtube] testcase 3 is getting pass 
2025-05-04 11:04:46,191 INFO  [TC4_youtube] url is matching after signin 
2025-05-04 11:04:46,457 INFO  [TC4_youtube] able to click on subscription 
2025-05-04 11:04:49,810 INFO  [TC2_youtube] url is match after signout 
2025-05-04 11:04:49,822 INFO  [TC4_youtube] testcase4 is getting pass 
2025-05-04 11:05:28,230 INFO  [TC6_youtube] url is matching after sigin  
2025-05-04 11:05:30,459 INFO  [TC6_youtube] able to hit search query  
2025-05-04 11:06:04,182 INFO  [TC5_youtube] url is matching after sigin  
2025-05-04 11:06:06,380 INFO  [TC5_youtube] able to hit search  query 
2025-05-04 11:06:09,893 INFO  [TC5_youtube] able to play vedio and send comment  
2025-05-04 11:06:22,971 INFO  [TC5_youtube] url is matching after signout 
2025-05-04 11:06:22,985 INFO  [TC5_youtube] testcase 5 is getting pass 
2025-05-04 11:06:44,788 INFO  [TC7_youtube] url is matching after sigin  
2025-05-04 11:06:46,899 INFO  [TC7_youtube] able to click on watchlist  
2025-05-04 11:06:50,169 INFO  [TC7_youtube] url is matching after signout  
2025-05-04 11:06:50,714 INFO  [TC7_youtube] testcase 7 is getting pass 
2025-05-04 11:07:13,690 INFO  [TC8_youtube] url is matching after sigin  
2025-05-04 11:10:31,253 INFO  [TC1_youtube] url is matching after signin 
2025-05-04 11:10:40,584 INFO  [TC1_youtube] able to click on trending 
2025-05-04 11:10:44,525 INFO  [TC1_youtube] url is  matching after logout 
2025-05-04 11:10:44,542 INFO  [TC1_youtube] testcase1 is getting pass 
2025-05-04 11:11:55,362 INFO  [TC5_youtube] url is matching after sigin  
2025-05-04 11:11:57,752 INFO  [TC5_youtube] able to hit search  query 
2025-05-04 11:12:02,667 INFO  [TC5_youtube] able to play vedio and send comment  
2025-05-04 11:12:16,652 INFO  [TC5_youtube] url is matching after signout 
2025-05-04 11:12:16,701 INFO  [TC5_youtube] testcase 5 is getting pass 
2025-05-04 11:21:49,524 INFO  [TC1_youtube] url is matching after signin 
2025-05-04 11:22:20,882 INFO  [TC2_youtube] url is match after signin 
2025-05-04 11:22:23,014 INFO  [TC2_youtube] able to click on history 
2025-05-04 11:22:26,574 INFO  [TC2_youtube] url is match after signout 
2025-05-04 11:22:26,591 INFO  [TC2_youtube] testcase2 is getting pass 
2025-05-04 11:26:45,397 INFO  [TC1_youtube] url is matching after signin 
2025-05-04 11:26:47,537 INFO  [TC1_youtube] able to click on trending 
2025-05-04 11:26:51,158 INFO  [TC1_youtube] url is  matching after logout 
2025-05-04 11:26:51,174 INFO  [TC1_youtube] testcase1 is getting pass 
2025-05-04 11:27:10,651 INFO  [TC2_youtube] url is match after signin 
2025-05-04 11:27:17,110 INFO  [TC2_youtube] able to click on history 
2025-05-04 11:27:20,964 INFO  [TC2_youtube] url is match after signout 
2025-05-04 11:27:21,549 INFO  [TC2_youtube] testcase2 is getting pass 
2025-05-04 11:27:42,779 INFO  [TC3_youtube] url is matching after sigin  
2025-05-04 11:27:42,991 INFO  [TC3_youtube] able to hit search button 
2025-05-04 11:27:51,000 INFO  [TC3_youtube] able to play vedio 
2025-05-04 11:27:54,437 INFO  [TC3_youtube] url is matching after signout 
2025-05-04 11:27:54,452 INFO  [TC3_youtube] testcase 3 is getting pass 
2025-05-04 11:28:16,589 INFO  [TC4_youtube] url is matching after signin 
2025-05-04 11:28:16,855 INFO  [TC4_youtube] able to click on subscription 
2025-05-04 11:28:20,219 INFO  [TC2_youtube] url is match after signout 
2025-05-04 11:28:20,231 INFO  [TC4_youtube] testcase4 is getting pass 
2025-05-04 11:29:05,494 INFO  [TC6_youtube] url is matching after sigin  
2025-05-04 11:29:07,705 INFO  [TC6_youtube] able to hit search query  
2025-05-04 11:29:11,046 INFO  [TC6_youtube] able to play vedio and subscribe channel 
2025-05-04 11:29:44,381 INFO  [TC5_youtube] url is matching after sigin  
2025-05-04 11:29:46,584 INFO  [TC5_youtube] able to hit search  query 
2025-05-04 11:29:50,338 INFO  [TC5_youtube] able to play vedio and send comment  
2025-05-04 11:30:03,471 INFO  [TC5_youtube] url is matching after signout 
2025-05-04 11:30:03,485 INFO  [TC5_youtube] testcase 5 is getting pass 
2025-05-04 11:30:31,841 INFO  [TC7_youtube] url is matching after sigin  
2025-05-04 11:30:33,986 INFO  [TC7_youtube] able to click on watchlist  
2025-05-04 11:30:37,365 INFO  [TC7_youtube] url is matching after signout  
2025-05-04 11:30:37,377 INFO  [TC7_youtube] testcase 7 is getting pass 
2025-05-04 11:31:00,297 INFO  [TC8_youtube] url is matching after sigin  
2025-05-04 11:31:02,412 INFO  [TC8_youtube] able to click on playlist 
2025-05-04 11:31:06,107 INFO  [TC8_youtube] url is matching after signout  
2025-05-04 11:31:06,119 INFO  [TC8_youtube] testcase 8 is getting pass 
2025-05-04 11:44:29,480 INFO  [TC1_youtube] url is matching after signin 
2025-05-04 11:44:31,607 INFO  [TC1_youtube] able to click on trending 
2025-05-04 11:44:35,141 INFO  [TC1_youtube] url is  matching after logout 
2025-05-04 11:44:35,156 INFO  [TC1_youtube] testcase1 is getting pass 
2025-05-04 11:45:04,673 INFO  [TC2_youtube] url is match after signin 
2025-05-04 11:45:06,815 INFO  [TC2_youtube] able to click on history 
2025-05-04 11:45:10,505 INFO  [TC2_youtube] url is match after signout 
2025-05-04 11:45:10,521 INFO  [TC2_youtube] testcase2 is getting pass 
2025-05-04 11:45:34,561 INFO  [TC3_youtube] url is matching after sigin  
2025-05-04 11:45:35,097 INFO  [TC3_youtube] able to hit search button 
2025-05-04 11:45:43,113 INFO  [TC3_youtube] able to play vedio 
2025-05-04 11:45:46,393 INFO  [TC3_youtube] url is matching after signout 
2025-05-04 11:45:46,408 INFO  [TC3_youtube] testcase 3 is getting pass 
2025-05-04 11:46:09,689 INFO  [TC4_youtube] url is matching after signin 
2025-05-04 11:46:09,798 INFO  [TC4_youtube] able to click on subscription 
2025-05-04 11:46:13,344 INFO  [TC2_youtube] url is match after signout 
2025-05-04 11:46:13,394 INFO  [TC4_youtube] testcase4 is getting pass 
2025-05-04 11:46:37,736 INFO  [TC6_youtube] url is matching after sigin  
2025-05-04 11:46:39,970 INFO  [TC6_youtube] able to hit search query  
2025-05-04 11:46:43,532 INFO  [TC6_youtube] able to play vedio and subscribe channel 
2025-05-04 11:46:53,720 INFO  [TC6_youtube] url is matching after signout  
2025-05-04 11:46:54,299 INFO  [TC6_youtube] testcase 6 is getting pass 
2025-05-04 11:47:21,512 INFO  [TC5_youtube] url is matching after sigin  
2025-05-04 11:47:23,747 INFO  [TC5_youtube] able to hit search  query 
2025-05-04 11:47:27,364 INFO  [TC5_youtube] able to play vedio and send comment  
2025-05-04 11:47:39,595 INFO  [TC5_youtube] url is matching after signout 
2025-05-04 11:47:39,611 INFO  [TC5_youtube] testcase 5 is getting pass 
2025-05-04 11:48:02,215 INFO  [TC7_youtube] url is matching after sigin  
2025-05-04 11:48:04,508 INFO  [TC7_youtube] able to click on watchlist  
2025-05-04 11:48:07,910 INFO  [TC7_youtube] url is matching after signout  
2025-05-04 11:48:07,962 INFO  [TC7_youtube] testcase 7 is getting pass 
2025-05-04 11:48:34,403 INFO  [TC8_youtube] url is matching after sigin  
2025-05-04 11:48:36,512 INFO  [TC8_youtube] able to click on playlist 
2025-05-04 11:48:39,806 INFO  [TC8_youtube] url is matching after signout  
2025-05-04 11:48:39,818 INFO  [TC8_youtube] testcase 8 is getting pass 
2025-05-04 11:51:22,781 INFO  [TC1_youtube] url is matching after signin 
2025-05-04 11:51:24,907 INFO  [TC1_youtube] able to click on trending 
2025-05-04 11:51:29,142 INFO  [TC1_youtube] url is  matching after logout 
2025-05-04 11:51:29,164 INFO  [TC1_youtube] testcase1 is getting pass 
2025-05-04 11:51:52,445 INFO  [TC2_youtube] url is match after signin 
2025-05-04 11:51:54,613 INFO  [TC2_youtube] able to click on history 
2025-05-04 11:51:57,981 INFO  [TC2_youtube] url is match after signout 
2025-05-04 11:51:58,525 INFO  [TC2_youtube] testcase2 is getting pass 
2025-05-04 11:52:39,142 INFO  [TC3_youtube] url is matching after sigin  
2025-05-04 11:52:39,389 INFO  [TC3_youtube] able to hit search button 
2025-05-04 11:52:47,317 INFO  [TC3_youtube] able to play vedio 
2025-05-04 11:52:54,069 INFO  [TC3_youtube] url is matching after signout 
2025-05-04 11:52:54,083 INFO  [TC3_youtube] testcase 3 is getting pass 
2025-05-04 11:53:14,642 INFO  [TC4_youtube] url is matching after signin 
2025-05-04 11:53:15,035 INFO  [TC4_youtube] able to click on subscription 
2025-05-04 11:53:19,766 INFO  [TC2_youtube] url is match after signout 
2025-05-04 11:53:19,779 INFO  [TC4_youtube] testcase4 is getting pass 
2025-05-04 11:53:35,459 INFO  [TC5_youtube] url is matching after sigin  
2025-05-04 11:53:42,406 INFO  [TC5_youtube] able to hit search  query 
2025-05-04 11:53:45,744 INFO  [TC5_youtube] able to play vedio and send comment  
2025-05-04 11:53:58,810 INFO  [TC5_youtube] url is matching after signout 
2025-05-04 11:53:58,825 INFO  [TC5_youtube] testcase 5 is getting pass 
2025-05-04 11:54:20,240 INFO  [TC6_youtube] url is matching after sigin  
2025-05-04 11:54:22,492 INFO  [TC6_youtube] able to hit search query  
2025-05-04 11:54:25,958 INFO  [TC6_youtube] able to play vedio and subscribe channel 
2025-05-04 11:54:35,696 INFO  [TC6_youtube] url is matching after signout  
2025-05-04 11:54:36,213 INFO  [TC6_youtube] testcase 6 is getting pass 
2025-05-04 11:54:54,554 INFO  [TC7_youtube] url is matching after sigin  
2025-05-04 11:54:56,686 INFO  [TC7_youtube] able to click on watchlist  
2025-05-04 11:54:59,720 INFO  [TC7_youtube] url is matching after signout  
2025-05-04 11:54:59,731 INFO  [TC7_youtube] testcase 7 is getting pass 
2025-05-04 11:55:18,983 INFO  [TC8_youtube] url is matching after sigin  
2025-05-04 11:55:21,288 INFO  [TC8_youtube] able to click on playlist 
2025-05-04 11:55:24,860 INFO  [TC8_youtube] url is matching after signout  
2025-05-04 11:55:24,916 INFO  [TC8_youtube] testcase 8 is getting pass 
2025-05-04 12:24:56,821 INFO  [TC1_youtube] url is matching after signin 
2025-05-04 12:24:58,972 INFO  [TC1_youtube] able to click on trending 
2025-05-04 12:25:04,841 INFO  [TC1_youtube] url is  matching after logout 
2025-05-04 12:25:04,856 INFO  [TC1_youtube] testcase1 is getting pass 
2025-05-04 12:25:33,130 INFO  [TC2_youtube] url is match after signin 
2025-05-04 12:25:35,259 INFO  [TC2_youtube] able to click on history 
2025-05-04 12:25:40,246 INFO  [TC2_youtube] url is match after signout 
2025-05-04 12:25:40,264 INFO  [TC2_youtube] testcase2 is getting pass 
2025-05-04 12:26:21,860 INFO  [TC3_youtube] url is matching after sigin  
2025-05-04 12:26:22,091 INFO  [TC3_youtube] able to hit search button 
2025-05-04 12:26:30,724 INFO  [TC3_youtube] able to play vedio 
2025-05-04 12:26:34,808 INFO  [TC3_youtube] url is matching after signout 
2025-05-04 12:26:34,824 INFO  [TC3_youtube] testcase 3 is getting pass 
2025-05-04 12:27:09,701 INFO  [TC4_youtube] url is matching after signin 
2025-05-04 12:27:09,840 INFO  [TC4_youtube] able to click on subscription 
2025-05-04 12:27:13,347 INFO  [TC2_youtube] url is match after signout 
2025-05-04 12:27:13,361 INFO  [TC4_youtube] testcase4 is getting pass 
2025-05-04 12:27:45,793 INFO  [TC5_youtube] url is matching after sigin  
2025-05-04 12:27:47,995 INFO  [TC5_youtube] able to hit search  query 
2025-05-04 12:27:55,937 INFO  [TC5_youtube] able to play vedio and send comment  
2025-05-04 12:28:12,682 INFO  [TC5_youtube] url is matching after signout 
2025-05-04 12:28:12,694 INFO  [TC5_youtube] testcase 5 is getting pass 
2025-05-04 12:28:47,911 INFO  [TC6_youtube] url is matching after sigin  
2025-05-04 12:28:50,130 INFO  [TC6_youtube] able to hit search query  
2025-05-04 12:29:23,818 INFO  [TC7_youtube] url is matching after sigin  
2025-05-04 12:29:25,957 INFO  [TC7_youtube] able to click on watchlist  
2025-05-04 12:29:29,666 INFO  [TC7_youtube] url is matching after signout  
2025-05-04 12:29:30,218 INFO  [TC7_youtube] testcase 7 is getting pass 
2025-05-04 12:30:04,104 INFO  [TC8_youtube] url is matching after sigin  
2025-05-04 12:30:06,269 INFO  [TC8_youtube] able to click on playlist 
2025-05-04 12:30:10,707 INFO  [TC8_youtube] url is matching after signout  
2025-05-04 12:30:10,722 INFO  [TC8_youtube] testcase 8 is getting pass 
2025-05-04 12:31:28,675 INFO  [TC6_youtube] url is matching after sigin  
2025-05-04 12:31:30,915 INFO  [TC6_youtube] able to hit search query  
2025-05-04 12:31:34,751 INFO  [TC6_youtube] able to play vedio and subscribe channel 
2025-05-04 12:31:44,758 INFO  [TC6_youtube] url is matching after signout  
2025-05-04 12:31:44,786 INFO  [TC6_youtube] testcase 6 is getting pass 
